  imgui_impl_glfw.cpp
  imgui_impl_opengl2.cpp
  imgui.cpp
  imgui_demo.cpp
  imgui_draw.cpp
  imgui_widgets.cpp
C:\Users\Hayden\Downloads\imgui-minecraft-autoclicker-main\imgui-minecraft-autoclicker-main\idk\ImGui\imgui_widgets.cpp(276,14): warning C4244: 'argument': conversion from 'const int' to 'float', possible loss of data
  fonts.cpp
  entrypoint.cpp
C:\Users\Hayden\Downloads\imgui-minecraft-autoclicker-main\imgui-minecraft-autoclicker-main\idk\xorstr.hpp(79,18): error C3533: a parameter cannot have a type that contains 'auto'
C:\Users\Hayden\Downloads\imgui-minecraft-autoclicker-main\imgui-minecraft-autoclicker-main\idk\xorstr.hpp(79,17): message : 'auto' in non-type template parameters requires at least '/std:c++17'
C:\Users\Hayden\Downloads\imgui-minecraft-autoclicker-main\imgui-minecraft-autoclicker-main\idk\xorstr.hpp(79,20): error C3533: a parameter cannot have a type that contains 'auto'
C:\Users\Hayden\Downloads\imgui-minecraft-autoclicker-main\imgui-minecraft-autoclicker-main\idk\xorstr.hpp(79,20): message : 'auto' in non-type template parameters requires at least '/std:c++17'
C:\Users\Hayden\Downloads\imgui-minecraft-autoclicker-main\imgui-minecraft-autoclicker-main\idk\xorstr.hpp(91,20): error C3533: a parameter cannot have a type that contains 'auto'
C:\Users\Hayden\Downloads\imgui-minecraft-autoclicker-main\imgui-minecraft-autoclicker-main\idk\xorstr.hpp(91,20): message : 'auto' in non-type template parameters requires at least '/std:c++17'
C:\Users\Hayden\Downloads\imgui-minecraft-autoclicker-main\imgui-minecraft-autoclicker-main\idk\xorstr.hpp(261,1): error C2975: 'Cs': invalid template argument for 'jm::detail::tstring_', expected compile-time constant expression
C:\Users\Hayden\Downloads\imgui-minecraft-autoclicker-main\imgui-minecraft-autoclicker-main\idk\xorstr.hpp(91): message : see declaration of 'Cs'
C:\Users\Hayden\Downloads\imgui-minecraft-autoclicker-main\imgui-minecraft-autoclicker-main\idk\bind.hpp(13): message : see reference to function template instantiation 'auto jm::make_xorstr<keybind::get_key_name_by_id::<lambda_9db869b375573f6f86a8002b4229caf2>,0,1,2,3,4,0,1>(Tstr,std::integer_sequence<size_t,0,1,2,3,4>,std::integer_sequence<size_t,0,1>) noexcept' being compiled
          with
          [
              Tstr=keybind::get_key_name_by_id::<lambda_9db869b375573f6f86a8002b4229caf2>
          ]
C:\Users\Hayden\Downloads\imgui-minecraft-autoclicker-main\imgui-minecraft-autoclicker-main\idk\bind.hpp(12,3): error C2440: 'initializing': cannot convert from 'initializer list' to 'std::unordered_map<int,std::string,std::hash<int>,std::equal_to<int>,std::allocator<std::pair<const int,std::string>>>'
C:\Users\Hayden\Downloads\imgui-minecraft-autoclicker-main\imgui-minecraft-autoclicker-main\idk\bind.hpp(57,3): message : No constructor could take the source type, or constructor overload resolution was ambiguous
C:\Users\Hayden\Downloads\imgui-minecraft-autoclicker-main\imgui-minecraft-autoclicker-main\idk\bind.hpp(63,28): error C2677: binary '+': no global operator found which takes type 'std::string' (or there is no acceptable conversion)
C:\Users\Hayden\Downloads\imgui-minecraft-autoclicker-main\imgui-minecraft-autoclicker-main\idk\bind.hpp(66,25): error C2677: binary '+': no global operator found which takes type 'std::string' (or there is no acceptable conversion)
C:\Users\Hayden\Downloads\imgui-minecraft-autoclicker-main\imgui-minecraft-autoclicker-main\idk\bind.hpp(74,57): error C2440: 'initializing': cannot convert from 'int *' to 'std::basic_string<char,std::char_traits<char>,std::allocator<char>>'
C:\Users\Hayden\Downloads\imgui-minecraft-autoclicker-main\imgui-minecraft-autoclicker-main\idk\bind.hpp(74,57): message : No constructor could take the source type, or constructor overload resolution was ambiguous
C:\Users\Hayden\Downloads\imgui-minecraft-autoclicker-main\imgui-minecraft-autoclicker-main\idk\bind.hpp(92,37): error C2679: binary '=': no operator found which takes a right-hand operand of type 'int *' (or there is no acceptable conversion)
C:\Program Files (x86)\Microsoft Visual Studio\2019\Community\VC\Tools\MSVC\14.26.28801\include\xstring(2811,19): message : could be 'std::basic_string<char,std::char_traits<char>,std::allocator<char>> &std::basic_string<char,std::char_traits<char>,std::allocator<char>>::operator =(const _Elem)'
          with
          [
              _Elem=char
          ]
C:\Program Files (x86)\Microsoft Visual Studio\2019\Community\VC\Tools\MSVC\14.26.28801\include\xstring(2807,19): message : or       'std::basic_string<char,std::char_traits<char>,std::allocator<char>> &std::basic_string<char,std::char_traits<char>,std::allocator<char>>::operator =(const _Elem *const )'
          with
          [
              _Elem=char
          ]
C:\Program Files (x86)\Microsoft Visual Studio\2019\Community\VC\Tools\MSVC\14.26.28801\include\xstring(2792,19): message : or       'std::basic_string<char,std::char_traits<char>,std::allocator<char>> &std::basic_string<char,std::char_traits<char>,std::allocator<char>>::operator =(const std::basic_string<char,std::char_traits<char>,std::allocator<char>> &)'
C:\Program Files (x86)\Microsoft Visual Studio\2019\Community\VC\Tools\MSVC\14.26.28801\include\xstring(2691,19): message : or       'std::basic_string<char,std::char_traits<char>,std::allocator<char>> &std::basic_string<char,std::char_traits<char>,std::allocator<char>>::operator =(std::initializer_list<_Elem>)'
          with
          [
              _Elem=char
          ]
C:\Program Files (x86)\Microsoft Visual Studio\2019\Community\VC\Tools\MSVC\14.26.28801\include\xstring(2592,19): message : or       'std::basic_string<char,std::char_traits<char>,std::allocator<char>> &std::basic_string<char,std::char_traits<char>,std::allocator<char>>::operator =(std::basic_string<char,std::char_traits<char>,std::allocator<char>> &&) noexcept(<expr>)'
C:\Users\Hayden\Downloads\imgui-minecraft-autoclicker-main\imgui-minecraft-autoclicker-main\idk\bind.hpp(92,37): message : while trying to match the argument list '(std::string, int *)'
C:\Users\Hayden\Downloads\imgui-minecraft-autoclicker-main\imgui-minecraft-autoclicker-main\idk\bind.hpp(95,39): error C2679: binary '=': no operator found which takes a right-hand operand of type 'int *' (or there is no acceptable conversion)
C:\Program Files (x86)\Microsoft Visual Studio\2019\Community\VC\Tools\MSVC\14.26.28801\include\xstring(2811,19): message : could be 'std::basic_string<char,std::char_traits<char>,std::allocator<char>> &std::basic_string<char,std::char_traits<char>,std::allocator<char>>::operator =(const _Elem)'
          with
          [
              _Elem=char
          ]
C:\Program Files (x86)\Microsoft Visual Studio\2019\Community\VC\Tools\MSVC\14.26.28801\include\xstring(2807,19): message : or       'std::basic_string<char,std::char_traits<char>,std::allocator<char>> &std::basic_string<char,std::char_traits<char>,std::allocator<char>>::operator =(const _Elem *const )'
          with
          [
              _Elem=char
          ]
C:\Program Files (x86)\Microsoft Visual Studio\2019\Community\VC\Tools\MSVC\14.26.28801\include\xstring(2792,19): message : or       'std::basic_string<char,std::char_traits<char>,std::allocator<char>> &std::basic_string<char,std::char_traits<char>,std::allocator<char>>::operator =(const std::basic_string<char,std::char_traits<char>,std::allocator<char>> &)'
C:\Program Files (x86)\Microsoft Visual Studio\2019\Community\VC\Tools\MSVC\14.26.28801\include\xstring(2691,19): message : or       'std::basic_string<char,std::char_traits<char>,std::allocator<char>> &std::basic_string<char,std::char_traits<char>,std::allocator<char>>::operator =(std::initializer_list<_Elem>)'
          with
          [
              _Elem=char
          ]
C:\Program Files (x86)\Microsoft Visual Studio\2019\Community\VC\Tools\MSVC\14.26.28801\include\xstring(2592,19): message : or       'std::basic_string<char,std::char_traits<char>,std::allocator<char>> &std::basic_string<char,std::char_traits<char>,std::allocator<char>>::operator =(std::basic_string<char,std::char_traits<char>,std::allocator<char>> &&) noexcept(<expr>)'
C:\Users\Hayden\Downloads\imgui-minecraft-autoclicker-main\imgui-minecraft-autoclicker-main\idk\bind.hpp(95,39): message : while trying to match the argument list '(std::string, int *)'
C:\Users\Hayden\Downloads\imgui-minecraft-autoclicker-main\imgui-minecraft-autoclicker-main\idk\bind.hpp(97,38): error C2677: binary '+': no global operator found which takes type 'std::string' (or there is no acceptable conversion)
C:\Users\Hayden\Downloads\imgui-minecraft-autoclicker-main\imgui-minecraft-autoclicker-main\idk\destruct.h(7,1): error C2084: function 'void DelMe(void)' already has a body
C:\Users\Hayden\Downloads\imgui-minecraft-autoclicker-main\imgui-minecraft-autoclicker-main\idk\destruct.h(6): message : see previous definition of 'DelMe'
C:\Users\Hayden\Downloads\imgui-minecraft-autoclicker-main\imgui-minecraft-autoclicker-main\idk\ui.hpp(55,54): error C2664: 'HWND FindWindowA(LPCSTR,LPCSTR)': cannot convert argument 1 from 'int *' to 'LPCSTR'
C:\Users\Hayden\Downloads\imgui-minecraft-autoclicker-main\imgui-minecraft-autoclicker-main\idk\ui.hpp(55,30): message : Types pointed to are unrelated; conversion requires reinterpret_cast, C-style cast or function-style cast
C:\Program Files (x86)\Windows Kits\10\Include\10.0.18362.0\um\winuser.h(10043,1): message : see declaration of 'FindWindowA'
C:\Users\Hayden\Downloads\imgui-minecraft-autoclicker-main\imgui-minecraft-autoclicker-main\idk\ui.hpp(108,54): error C2664: 'HWND FindWindowA(LPCSTR,LPCSTR)': cannot convert argument 1 from 'int *' to 'LPCSTR'
C:\Users\Hayden\Downloads\imgui-minecraft-autoclicker-main\imgui-minecraft-autoclicker-main\idk\ui.hpp(108,30): message : Types pointed to are unrelated; conversion requires reinterpret_cast, C-style cast or function-style cast
C:\Program Files (x86)\Windows Kits\10\Include\10.0.18362.0\um\winuser.h(10043,1): message : see declaration of 'FindWindowA'
C:\Users\Hayden\Downloads\imgui-minecraft-autoclicker-main\imgui-minecraft-autoclicker-main\idk\ui.hpp(111,22): warning C4018: '<': signed/unsigned mismatch
C:\Users\Hayden\Downloads\imgui-minecraft-autoclicker-main\imgui-minecraft-autoclicker-main\idk\ui.hpp(132,98): error C2665: 'ImGui::BeginChild': none of the 2 overloads could convert all the argument types
C:\Users\Hayden\Downloads\imgui-minecraft-autoclicker-main\imgui-minecraft-autoclicker-main\idk\ImGui\imgui.h(302,29): message : could be 'bool ImGui::BeginChild(ImGuiID,const ImVec2 &,bool,ImGuiWindowFlags)'
C:\Users\Hayden\Downloads\imgui-minecraft-autoclicker-main\imgui-minecraft-autoclicker-main\idk\ImGui\imgui.h(301,29): message : or       'bool ImGui::BeginChild(const char *,const ImVec2 &,bool,ImGuiWindowFlags)'
C:\Users\Hayden\Downloads\imgui-minecraft-autoclicker-main\imgui-minecraft-autoclicker-main\idk\ui.hpp(132,98): message : while trying to match the argument list '(int *, ImVec2, bool, ImGuiWindowFlags_)'
C:\Users\Hayden\Downloads\imgui-minecraft-autoclicker-main\imgui-minecraft-autoclicker-main\idk\ui.hpp(139,31): error C2664: 'void ImGui::Text(const char *,...)': cannot convert argument 1 from 'int *' to 'const char *'
C:\Users\Hayden\Downloads\imgui-minecraft-autoclicker-main\imgui-minecraft-autoclicker-main\idk\ui.hpp(139,17): message : Types pointed to are unrelated; conversion requires reinterpret_cast, C-style cast or function-style cast
C:\Users\Hayden\Downloads\imgui-minecraft-autoclicker-main\imgui-minecraft-autoclicker-main\idk\ImGui\imgui.h(434,29): message : see declaration of 'ImGui::Text'
C:\Users\Hayden\Downloads\imgui-minecraft-autoclicker-main\imgui-minecraft-autoclicker-main\idk\ui.hpp(148,31): error C2664: 'void ImGui::Text(const char *,...)': cannot convert argument 1 from 'int *' to 'const char *'
C:\Users\Hayden\Downloads\imgui-minecraft-autoclicker-main\imgui-minecraft-autoclicker-main\idk\ui.hpp(148,17): message : Types pointed to are unrelated; conversion requires reinterpret_cast, C-style cast or function-style cast
C:\Users\Hayden\Downloads\imgui-minecraft-autoclicker-main\imgui-minecraft-autoclicker-main\idk\ImGui\imgui.h(434,29): message : see declaration of 'ImGui::Text'
C:\Users\Hayden\Downloads\imgui-minecraft-autoclicker-main\imgui-minecraft-autoclicker-main\idk\ui.hpp(168,91): error C2665: 'ImGui::BeginChild': none of the 2 overloads could convert all the argument types
C:\Users\Hayden\Downloads\imgui-minecraft-autoclicker-main\imgui-minecraft-autoclicker-main\idk\ImGui\imgui.h(302,29): message : could be 'bool ImGui::BeginChild(ImGuiID,const ImVec2 &,bool,ImGuiWindowFlags)'
C:\Users\Hayden\Downloads\imgui-minecraft-autoclicker-main\imgui-minecraft-autoclicker-main\idk\ImGui\imgui.h(301,29): message : or       'bool ImGui::BeginChild(const char *,const ImVec2 &,bool,ImGuiWindowFlags)'
C:\Users\Hayden\Downloads\imgui-minecraft-autoclicker-main\imgui-minecraft-autoclicker-main\idk\ui.hpp(168,91): message : while trying to match the argument list '(int *, ImVec2, bool, ImGuiWindowFlags_)'
C:\Users\Hayden\Downloads\imgui-minecraft-autoclicker-main\imgui-minecraft-autoclicker-main\idk\ui.hpp(174,64): error C2664: 'bool ImGui::Checkbox(const char *,bool *)': cannot convert argument 1 from 'int *' to 'const char *'
C:\Users\Hayden\Downloads\imgui-minecraft-autoclicker-main\imgui-minecraft-autoclicker-main\idk\ui.hpp(174,21): message : Types pointed to are unrelated; conversion requires reinterpret_cast, C-style cast or function-style cast
C:\Users\Hayden\Downloads\imgui-minecraft-autoclicker-main\imgui-minecraft-autoclicker-main\idk\ImGui\imgui.h(456,29): message : see declaration of 'ImGui::Checkbox'
C:\Users\Hayden\Downloads\imgui-minecraft-autoclicker-main\imgui-minecraft-autoclicker-main\idk\ui.hpp(176,96): error C2664: 'bool ImGui::InputText(const char *,char *,size_t,ImGuiInputTextFlags,ImGuiInputTextCallback,void *)': cannot convert argument 1 from 'int *' to 'const char *'
C:\Users\Hayden\Downloads\imgui-minecraft-autoclicker-main\imgui-minecraft-autoclicker-main\idk\ui.hpp(176,22): message : Types pointed to are unrelated; conversion requires reinterpret_cast, C-style cast or function-style cast
C:\Users\Hayden\Downloads\imgui-minecraft-autoclicker-main\imgui-minecraft-autoclicker-main\idk\ImGui\imgui.h(521,29): message : see declaration of 'ImGui::InputText'
C:\Users\Hayden\Downloads\imgui-minecraft-autoclicker-main\imgui-minecraft-autoclicker-main\idk\ui.hpp(178,83): error C2664: 'void ImGui::SetTooltip(const char *,...)': cannot convert argument 1 from 'int *' to 'const char *'
C:\Users\Hayden\Downloads\imgui-minecraft-autoclicker-main\imgui-minecraft-autoclicker-main\idk\ui.hpp(178,24): message : Types pointed to are unrelated; conversion requires reinterpret_cast, C-style cast or function-style cast
C:\Users\Hayden\Downloads\imgui-minecraft-autoclicker-main\imgui-minecraft-autoclicker-main\idk\ImGui\imgui.h(610,29): message : see declaration of 'ImGui::SetTooltip'
C:\Users\Hayden\Downloads\imgui-minecraft-autoclicker-main\imgui-minecraft-autoclicker-main\idk\ui.hpp(182,7): error C2065: 'DelMe': undeclared identifier
C:\Users\Hayden\Downloads\imgui-minecraft-autoclicker-main\imgui-minecraft-autoclicker-main\idk\ui.hpp(187,74): error C2664: 'void ImGui::SetTooltip(const char *,...)': cannot convert argument 1 from 'int *' to 'const char *'
C:\Users\Hayden\Downloads\imgui-minecraft-autoclicker-main\imgui-minecraft-autoclicker-main\idk\ui.hpp(187,24): message : Types pointed to are unrelated; conversion requires reinterpret_cast, C-style cast or function-style cast
C:\Users\Hayden\Downloads\imgui-minecraft-autoclicker-main\imgui-minecraft-autoclicker-main\idk\ImGui\imgui.h(610,29): message : see declaration of 'ImGui::SetTooltip'
C:\Users\Hayden\Downloads\imgui-minecraft-autoclicker-main\imgui-minecraft-autoclicker-main\idk\ui.hpp(216,98): error C2665: 'ImGui::BeginChild': none of the 2 overloads could convert all the argument types
C:\Users\Hayden\Downloads\imgui-minecraft-autoclicker-main\imgui-minecraft-autoclicker-main\idk\ImGui\imgui.h(302,29): message : could be 'bool ImGui::BeginChild(ImGuiID,const ImVec2 &,bool,ImGuiWindowFlags)'
C:\Users\Hayden\Downloads\imgui-minecraft-autoclicker-main\imgui-minecraft-autoclicker-main\idk\ImGui\imgui.h(301,29): message : or       'bool ImGui::BeginChild(const char *,const ImVec2 &,bool,ImGuiWindowFlags)'
C:\Users\Hayden\Downloads\imgui-minecraft-autoclicker-main\imgui-minecraft-autoclicker-main\idk\ui.hpp(216,98): message : while trying to match the argument list '(int *, ImVec2, bool, ImGuiWindowFlags_)'
C:\Users\Hayden\Downloads\imgui-minecraft-autoclicker-main\imgui-minecraft-autoclicker-main\idk\ui.hpp(220,76): error C2664: 'void ImGui::TextColored(const ImVec4 &,const char *,...)': cannot convert argument 2 from 'int *' to 'const char *'
C:\Users\Hayden\Downloads\imgui-minecraft-autoclicker-main\imgui-minecraft-autoclicker-main\idk\ui.hpp(220,51): message : Types pointed to are unrelated; conversion requires reinterpret_cast, C-style cast or function-style cast
C:\Users\Hayden\Downloads\imgui-minecraft-autoclicker-main\imgui-minecraft-autoclicker-main\idk\ImGui\imgui.h(436,29): message : see declaration of 'ImGui::TextColored'
C:\Users\Hayden\Downloads\imgui-minecraft-autoclicker-main\imgui-minecraft-autoclicker-main\idk\ui.hpp(222,62): error C2664: 'bool ImGui::Checkbox(const char *,bool *)': cannot convert argument 1 from 'int *' to 'const char *'
C:\Users\Hayden\Downloads\imgui-minecraft-autoclicker-main\imgui-minecraft-autoclicker-main\idk\ui.hpp(222,22): message : Types pointed to are unrelated; conversion requires reinterpret_cast, C-style cast or function-style cast
C:\Users\Hayden\Downloads\imgui-minecraft-autoclicker-main\imgui-minecraft-autoclicker-main\idk\ImGui\imgui.h(456,29): message : see declaration of 'ImGui::Checkbox'
C:\Users\Hayden\Downloads\imgui-minecraft-autoclicker-main\imgui-minecraft-autoclicker-main\idk\ui.hpp(224,89): error C2664: 'void ImGui::SetTooltip(const char *,...)': cannot convert argument 1 from 'int *' to 'const char *'
C:\Users\Hayden\Downloads\imgui-minecraft-autoclicker-main\imgui-minecraft-autoclicker-main\idk\ui.hpp(224,30): message : Types pointed to are unrelated; conversion requires reinterpret_cast, C-style cast or function-style cast
C:\Users\Hayden\Downloads\imgui-minecraft-autoclicker-main\imgui-minecraft-autoclicker-main\idk\ImGui\imgui.h(610,29): message : see declaration of 'ImGui::SetTooltip'
C:\Users\Hayden\Downloads\imgui-minecraft-autoclicker-main\imgui-minecraft-autoclicker-main\idk\ui.hpp(228,72): error C2664: 'void ImGui::SetTooltip(const char *,...)': cannot convert argument 1 from 'int *' to 'const char *'
C:\Users\Hayden\Downloads\imgui-minecraft-autoclicker-main\imgui-minecraft-autoclicker-main\idk\ui.hpp(228,25): message : Types pointed to are unrelated; conversion requires reinterpret_cast, C-style cast or function-style cast
C:\Users\Hayden\Downloads\imgui-minecraft-autoclicker-main\imgui-minecraft-autoclicker-main\idk\ImGui\imgui.h(610,29): message : see declaration of 'ImGui::SetTooltip'
C:\Users\Hayden\Downloads\imgui-minecraft-autoclicker-main\imgui-minecraft-autoclicker-main\idk\ui.hpp(230,71): error C2664: 'bool ImGui::Checkbox(const char *,bool *)': cannot convert argument 1 from 'int *' to 'const char *'
C:\Users\Hayden\Downloads\imgui-minecraft-autoclicker-main\imgui-minecraft-autoclicker-main\idk\ui.hpp(230,22): message : Types pointed to are unrelated; conversion requires reinterpret_cast, C-style cast or function-style cast
C:\Users\Hayden\Downloads\imgui-minecraft-autoclicker-main\imgui-minecraft-autoclicker-main\idk\ImGui\imgui.h(456,29): message : see declaration of 'ImGui::Checkbox'
C:\Users\Hayden\Downloads\imgui-minecraft-autoclicker-main\imgui-minecraft-autoclicker-main\idk\ui.hpp(232,69): error C2664: 'void ImGui::SetTooltip(const char *,...)': cannot convert argument 1 from 'int *' to 'const char *'
C:\Users\Hayden\Downloads\imgui-minecraft-autoclicker-main\imgui-minecraft-autoclicker-main\idk\ui.hpp(232,30): message : Types pointed to are unrelated; conversion requires reinterpret_cast, C-style cast or function-style cast
C:\Users\Hayden\Downloads\imgui-minecraft-autoclicker-main\imgui-minecraft-autoclicker-main\idk\ImGui\imgui.h(610,29): message : see declaration of 'ImGui::SetTooltip'
C:\Users\Hayden\Downloads\imgui-minecraft-autoclicker-main\imgui-minecraft-autoclicker-main\idk\ui.hpp(235,95): error C2664: 'bool ImGui::SliderInt(const char *,int *,int,int,const char *,ImGuiSliderFlags)': cannot convert argument 1 from 'int *' to 'const char *'
C:\Users\Hayden\Downloads\imgui-minecraft-autoclicker-main\imgui-minecraft-autoclicker-main\idk\ui.hpp(235,23): message : Types pointed to are unrelated; conversion requires reinterpret_cast, C-style cast or function-style cast
C:\Users\Hayden\Downloads\imgui-minecraft-autoclicker-main\imgui-minecraft-autoclicker-main\idk\ImGui\imgui.h(508,29): message : see declaration of 'ImGui::SliderInt'
C:\Users\Hayden\Downloads\imgui-minecraft-autoclicker-main\imgui-minecraft-autoclicker-main\idk\ui.hpp(238,95): error C2664: 'bool ImGui::SliderInt(const char *,int *,int,int,const char *,ImGuiSliderFlags)': cannot convert argument 1 from 'int *' to 'const char *'
C:\Users\Hayden\Downloads\imgui-minecraft-autoclicker-main\imgui-minecraft-autoclicker-main\idk\ui.hpp(238,23): message : Types pointed to are unrelated; conversion requires reinterpret_cast, C-style cast or function-style cast
C:\Users\Hayden\Downloads\imgui-minecraft-autoclicker-main\imgui-minecraft-autoclicker-main\idk\ImGui\imgui.h(508,29): message : see declaration of 'ImGui::SliderInt'
C:\Users\Hayden\Downloads\imgui-minecraft-autoclicker-main\imgui-minecraft-autoclicker-main\idk\ui.hpp(251,89): error C2664: 'void ImGui::SetTooltip(const char *,...)': cannot convert argument 1 from 'int *' to 'const char *'
C:\Users\Hayden\Downloads\imgui-minecraft-autoclicker-main\imgui-minecraft-autoclicker-main\idk\ui.hpp(251,31): message : Types pointed to are unrelated; conversion requires reinterpret_cast, C-style cast or function-style cast
C:\Users\Hayden\Downloads\imgui-minecraft-autoclicker-main\imgui-minecraft-autoclicker-main\idk\ImGui\imgui.h(610,29): message : see declaration of 'ImGui::SetTooltip'
  C:\Program Files (x86)\Windows Kits\10\Include\10.0.18362.0\um\dinput.h: DIRECTINPUT_VERSION undefined. Defaulting to version 0x0800
C:\Users\Hayden\Downloads\imgui-minecraft-autoclicker-main\imgui-minecraft-autoclicker-main\idk\auto.hpp(92,24): warning C4244: 'argument': conversion from 'time_t' to 'unsigned int', possible loss of data
C:\Users\Hayden\Downloads\imgui-minecraft-autoclicker-main\imgui-minecraft-autoclicker-main\idk\Source\entrypoint.cpp(67,162): error C2664: 'bool ImGui::Begin(const char *,bool *,ImGuiWindowFlags)': cannot convert argument 1 from 'int *' to 'const char *'
C:\Users\Hayden\Downloads\imgui-minecraft-autoclicker-main\imgui-minecraft-autoclicker-main\idk\Source\entrypoint.cpp(67,17): message : Types pointed to are unrelated; conversion requires reinterpret_cast, C-style cast or function-style cast
C:\Users\Hayden\Downloads\imgui-minecraft-autoclicker-main\imgui-minecraft-autoclicker-main\idk\ImGui\imgui.h(290,29): message : see declaration of 'ImGui::Begin'
